#
# There is insufficient memory for the Java Runtime Environment to continue.
# Native memory allocation (mmap) failed to map 266338304 bytes for Failed to commit area from 0x0000000702e00000 to 0x0000000712c00000 of length 266338304.
# Possible reasons:
#   The system is out of physical RAM or swap space
#   The process is running with CompressedOops enabled, and the Java Heap may be blocking the growth of the native heap
# Possible solutions:
#   Reduce memory load on the system
#   Increase physical memory or swap space
#   Check if swap backing store is full
#   Decrease Java heap size (-Xmx/-Xms)
#   Decrease number of Java threads
#   Decrease Java thread stack sizes (-Xss)
#   Set larger code cache with -XX:ReservedCodeCacheSize=
#   JVM is running with Zero Based Compressed Oops mode in which the Java heap is
#     placed in the first 32GB address space. The Java Heap base address is the
#     maximum limit for the native heap growth. Please use -XX:HeapBaseMinAddress
#     to set the Java Heap base and to place the Java Heap above 32GB virtual address.
# This output file may be truncated or incomplete.
#
#  Out of Memory Error (./open/src/hotspot/os/windows/os_windows.cpp:3315), pid=11020, tid=14072
#
# JRE version:  (14.0.2+12) (build )
# Java VM: OpenJDK 64-Bit Server VM (14.0.2+12-46, mixed mode, sharing, tiered, compressed oops, g1 gc, windows-amd64)
# No core dump will be written. Minidumps are not enabled by default on client versions of Windows
#

---------------  S U M M A R Y ------------

Command Line: -Dfile.encoding=Cp1252 -XX:+ShowCodeDetailsInExceptionMessages CowHomework

Host: Intel(R) Core(TM) i7-9750H CPU @ 2.60GHz, 12 cores, 15G,  Windows 10 , 64 bit Build 19041 (10.0.19041.1348)
Time: Sat Jan 15 17:12:27 2022 Pacific Standard Time elapsed time: 0 seconds (0d 0h 0m 0s)

---------------  T H R E A D  ---------------

Current thread (0x00000200d9197000):  JavaThread "Unknown thread" [_thread_in_vm, id=14072, stack(0x000000cc26c00000,0x000000cc26d00000)]

Stack: [0x000000cc26c00000,0x000000cc26d00000]
Native frames: (J=compiled Java code, j=interpreted, Vv=VM code, C=native code)
V  [jvm.dll+0x5f8a9a]
V  [jvm.dll+0x74247a]
V  [jvm.dll+0x743c2f]
V  [jvm.dll+0x744273]
V  [jvm.dll+0x20d288]
V  [jvm.dll+0x5f5dea]
V  [jvm.dll+0x5eac45]
V  [jvm.dll+0x2c7e9c]
V  [jvm.dll+0x2c7cd2]
V  [jvm.dll+0x2cdbbc]
V  [jvm.dll+0x313fe8]
V  [jvm.dll+0x313710]
V  [jvm.dll+0x2a092a]
V  [jvm.dll+0x2a1a79]
V  [jvm.dll+0x71fd48]
V  [jvm.dll+0x321c14]
V  [jvm.dll+0x70112c]
V  [jvm.dll+0x392def]
V  [jvm.dll+0x394e61]
C  [jli.dll+0x524b]
C  [ucrtbase.dll+0x21bb2]
C  [KERNEL32.DLL+0x17034]
C  [ntdll.dll+0x52651]


---------------  P R O C E S S  ---------------

Threads class SMR info:
_java_thread_list=0x00007fff80393038, length=0, elements={
}

Java Threads: ( => current thread )

Other Threads:
  0x00000200d9200000 GCTaskThread "GC Thread#0" [stack: 0x000000cc26d00000,0x000000cc26e00000] [id=15368]
  0x00000200d9221800 ConcurrentGCThread "G1 Main Marker" [stack: 0x000000cc26e00000,0x000000cc26f00000] [id=19052]
  0x00000200d9223800 ConcurrentGCThread "G1 Conc#0" [stack: 0x000000cc26f00000,0x000000cc27000000] [id=17148]

[error occurred during error reporting (printing all threads), id 0xc0000005, EXCEPTION_ACCESS_VIOLATION (0xc0000005) at pc=0x00007fff7fbc1257]

VM state:not at safepoint (not fully initialized)

VM Mutex/Monitor currently owned by a thread:  ([mutex/lock_event])
[0x00000200d708ceb0] Heap_lock - owner thread: 0x00000200d9197000

Heap address: 0x0000000702e00000, size: 4050 MB, Compressed Oops mode: Zero based, Oop shift amount: 3
Narrow klass base: 0x0000000000000000, Narrow klass shift: 0

GC Heap History (0 events):
No events

Deoptimization events (0 events):
No events

Classes unloaded (0 events):
No events

Classes redefined (0 events):
No events

Internal exceptions (0 events):
No events

Events (2 events):
Event: 0.007 Loaded shared library C:\Program Files\Java\jdk-14.0.2\bin\java.dll
Event: 0.007 Loaded shared library C:\Program Files\Java\jdk-14.0.2\bin\zip.dll


Dynamic libraries:
0x00007ff6aa2a0000 - 0x00007ff6aa2ad000 	C:\Program Files\Java\jdk-14.0.2\bin\javaw.exe
0x00007ffff5670000 - 0x00007ffff5865000 	C:\WINDOWS\SYSTEM32\ntdll.dll
0x00007ffff3740000 - 0x00007ffff37fe000 	C:\WINDOWS\System32\KERNEL32.DLL
0x00007ffff2d80000 - 0x00007ffff3048000 	C:\WINDOWS\System32\KERNELBASE.dll
0x00007ffff32b0000 - 0x00007ffff33b0000 	C:\WINDOWS\System32\ucrtbase.dll
0x00007fffc74e0000 - 0x00007fffc74f5000 	C:\Program Files\Java\jdk-14.0.2\bin\VCRUNTIME140.dll
0x00007fffba120000 - 0x00007fffba138000 	C:\Program Files\Java\jdk-14.0.2\bin\jli.dll
0x00007ffff4120000 - 0x00007ffff42c1000 	C:\WINDOWS\System32\USER32.dll
0x00007ffff3120000 - 0x00007ffff3142000 	C:\WINDOWS\System32\win32u.dll
0x00007fffd8110000 - 0x00007fffd83aa000 	C:\WINDOWS\WinSxS\amd64_microsoft.windows.common-controls_6595b64144ccf1df_6.0.19041.1110_none_60b5254171f9507e\COMCTL32.dll
0x00007ffff3710000 - 0x00007ffff373b000 	C:\WINDOWS\System32\GDI32.dll
0x00007ffff42d0000 - 0x00007ffff436e000 	C:\WINDOWS\System32\msvcrt.dll
0x00007ffff3410000 - 0x00007ffff351d000 	C:\WINDOWS\System32\gdi32full.dll
0x00007ffff3050000 - 0x00007ffff30ed000 	C:\WINDOWS\System32\msvcp_win.dll
0x00007ffff53f0000 - 0x00007ffff5420000 	C:\WINDOWS\System32\IMM32.DLL
0x00007fffa0410000 - 0x00007fffa04ab000 	C:\Program Files\Java\jdk-14.0.2\bin\msvcp140.dll
0x00007fff7f910000 - 0x00007fff8042e000 	C:\Program Files\Java\jdk-14.0.2\bin\server\jvm.dll
0x00007ffff5420000 - 0x00007ffff54cc000 	C:\WINDOWS\System32\ADVAPI32.dll
0x00007ffff4540000 - 0x00007ffff45db000 	C:\WINDOWS\System32\sechost.dll
0x00007ffff5110000 - 0x00007ffff523a000 	C:\WINDOWS\System32\RPCRT4.dll
0x00007ffff45e0000 - 0x00007ffff45e8000 	C:\WINDOWS\System32\PSAPI.DLL
0x00007fffecc60000 - 0x00007fffecc69000 	C:\WINDOWS\SYSTEM32\WSOCK32.dll
0x00007fffd4520000 - 0x00007fffd4547000 	C:\WINDOWS\SYSTEM32\WINMM.dll
0x00007ffff44d0000 - 0x00007ffff453b000 	C:\WINDOWS\System32\WS2_32.dll
0x00007fffeb710000 - 0x00007fffeb71a000 	C:\WINDOWS\SYSTEM32\VERSION.dll
0x00007ffff15c0000 - 0x00007ffff15d2000 	C:\WINDOWS\SYSTEM32\kernel.appcore.dll
0x00007fffec860000 - 0x00007fffec86a000 	C:\Program Files\Java\jdk-14.0.2\bin\jimage.dll
0x00007ffff12f0000 - 0x00007ffff14d4000 	C:\WINDOWS\SYSTEM32\DBGHELP.DLL
0x00007fffe9bb0000 - 0x00007fffe9bdc000 	C:\WINDOWS\SYSTEM32\dbgcore.DLL
0x00007ffff35d0000 - 0x00007ffff3652000 	C:\WINDOWS\System32\bcryptPrimitives.dll
0x00007fffc7490000 - 0x00007fffc74b5000 	C:\Program Files\Java\jdk-14.0.2\bin\java.dll
0x00007fffe9b60000 - 0x00007fffe9b76000 	C:\Program Files\Java\jdk-14.0.2\bin\zip.dll

dbghelp: loaded successfully - version: 4.0.5 - missing functions: none
symbol engine: initialized successfully - sym options: 0x614 - pdb path: .;C:\Program Files\Java\jdk-14.0.2\bin;C:\WINDOWS\SYSTEM32;C:\WINDOWS\WinSxS\amd64_microsoft.windows.common-controls_6595b64144ccf1df_6.0.19041.1110_none_60b5254171f9507e;C:\Program Files\Java\jdk-14.0.2\bin\server

VM Arguments:
jvm_args: -Dfile.encoding=Cp1252 -XX:+ShowCodeDetailsInExceptionMessages 
java_command: CowHomework
java_class_path (initial): C:\Users\adaml\eclipse-workspace\USACO\bin
Launcher Type: SUN_STANDARD

[Global flags]
     intx CICompilerCount                          = 4                                         {product} {ergonomic}
     uint ConcGCThreads                            = 3                                         {product} {ergonomic}
     uint G1ConcRefinementThreads                  = 10                                        {product} {ergonomic}
   size_t G1HeapRegionSize                         = 1048576                                   {product} {ergonomic}
    uintx GCDrainStackTargetSize                   = 64                                        {product} {ergonomic}
   size_t InitialHeapSize                          = 266338304                                 {product} {ergonomic}
   size_t MarkStackSize                            = 4194304                                   {product} {ergonomic}
   size_t MaxHeapSize                              = 4246732800                                {product} {ergonomic}
   size_t MinHeapDeltaBytes                        = 1048576                                   {product} {ergonomic}
   size_t MinHeapSize                              = 8388608                                   {product} {ergonomic}
    uintx NonNMethodCodeHeapSize                   = 5839372                                {pd product} {ergonomic}
    uintx NonProfiledCodeHeapSize                  = 122909434                              {pd product} {ergonomic}
    uintx ProfiledCodeHeapSize                     = 122909434                              {pd product} {ergonomic}
    uintx ReservedCodeCacheSize                    = 251658240                              {pd product} {ergonomic}
     bool SegmentedCodeCache                       = true                                      {product} {ergonomic}
     bool ShowCodeDetailsInExceptionMessages       = true                                   {manageable} {command line}
   size_t SoftMaxHeapSize                          = 4246732800                             {manageable} {ergonomic}
     bool UseCompressedClassPointers               = true                                 {lp64_product} {ergonomic}
     bool UseCompressedOops                        = true                                 {lp64_product} {ergonomic}
     bool UseG1GC                                  = true                                      {product} {ergonomic}
     bool UseLargePagesIndividualAllocation        = false                                  {pd product} {ergonomic}

Logging:
Log output configuration:
 #0: stdout all=warning uptime,level,tags
 #1: stderr all=off uptime,level,tags

Environment Variables:
JAVA_HOME=C:\Program Files\Java\jdk-14.0.2
PATH=C:/Program Files/Java/jdk-14.0.2/bin/server;C:/Program Files/Java/jdk-14.0.2/bin;C:\Program Files\Java\jdk-14.0.2\bin;C:\Users\adaml\AppData\Local\Programs\Python\Python39;C:\Users\adaml\AppData\Local\Programs\Python\Python38-32;C:\Users\adaml\AppData\Local\Programs\Python\Python38-32\Scripts;C:\Windows\system32;C:\Windows;C:\Windows\System32\Wbem;C:\Windows\System32\WindowsPowerShell\v1.0\;C:\Windows\System32\OpenSSH\;C:\Program Files (x86)\NVIDIA Corporation\PhysX\Common;C:\Program Files\NVIDIA Corporation\NVIDIA NvDLISR;D:\command;C:\WINDOWS\system32;C:\WINDOWS;C:\WINDOWS\System32\Wbem;C:\WINDOWS\System32\WindowsPowerShell\v1.0\;C:\WINDOWS\System32\OpenSSH\;C:\Program Files\nodejs\;C:\Program Files\Git\cmd;D:\Ruby30-x64\bin;C:\Program Files\MySQL\MySQL Shell 8.0\bin\;C:\Users\adaml\AppData\Local\Microsoft\WindowsApps;D:\Unity\Microsoft VS Code\bin;C:\Users\adaml\AppData\Local\atom\bin;C:\ProgramData\antihero743\atom\bin;C:\Users\adaml\AppData\Roaming\npm;C:\WINDOWS\system32;
USERNAME=antihero743
OS=Windows_NT
PROCESSOR_IDENTIFIER=Intel64 Family 6 Model 158 Stepping 10, GenuineIntel



---------------  S Y S T E M  ---------------

OS: Windows 10 , 64 bit Build 19041 (10.0.19041.1348)
OS uptime: 0 days 8:47 hours
HyperV virtualization detected

CPU:total 12 (initial active 12) (6 cores per cpu, 2 threads per core) family 6 model 158 stepping 10, cmov, cx8, fxsr, mmx, sse, sse2, sse3, ssse3, sse4.1, sse4.2, popcnt, avx, avx2, aes, clmul, erms, 3dnowpref, lzcnt, ht, tsc, tscinvbit, bmi1, bmi2, adx, fma

Memory: 4k page, system-wide physical 16196M (4097M free)
TotalPageFile size 17733M (AvailPageFile size 84M)
current process WorkingSet (physical memory assigned to process): 10M, peak: 10M
current process commit charge ("private bytes"): 65M, peak: 318M

vm_info: OpenJDK 64-Bit Server VM (14.0.2+12-46) for windows-amd64 JRE (14.0.2+12-46), built on Jul  9 2020 00:31:16 by "mach5one" with MS VC++ 15.9 (VS2017)

END.
