#
# There is insufficient memory for the Java Runtime Environment to continue.
# Native memory allocation (mmap) failed to map 266338304 bytes for Failed to commit area from 0x0000000702e00000 to 0x0000000712c00000 of length 266338304.
# Possible reasons:
#   The system is out of physical RAM or swap space
#   The process is running with CompressedOops enabled, and the Java Heap may be blocking the growth of the native heap
# Possible solutions:
#   Reduce memory load on the system
#   Increase physical memory or swap space
#   Check if swap backing store is full
#   Decrease Java heap size (-Xmx/-Xms)
#   Decrease number of Java threads
#   Decrease Java thread stack sizes (-Xss)
#   Set larger code cache with -XX:ReservedCodeCacheSize=
#   JVM is running with Zero Based Compressed Oops mode in which the Java heap is
#     placed in the first 32GB address space. The Java Heap base address is the
#     maximum limit for the native heap growth. Please use -XX:HeapBaseMinAddress
#     to set the Java Heap base and to place the Java Heap above 32GB virtual address.
# This output file may be truncated or incomplete.
#
#  Out of Memory Error (./open/src/hotspot/os/windows/os_windows.cpp:3315), pid=13972, tid=16164
#
# JRE version:  (14.0.2+12) (build )
# Java VM: OpenJDK 64-Bit Server VM (14.0.2+12-46, mixed mode, sharing, tiered, compressed oops, g1 gc, windows-amd64)
# No core dump will be written. Minidumps are not enabled by default on client versions of Windows
#

---------------  S U M M A R Y ------------

Command Line: -Dfile.encoding=Cp1252 -XX:+ShowCodeDetailsInExceptionMessages FallingPortals

Host: Intel(R) Core(TM) i7-9750H CPU @ 2.60GHz, 12 cores, 15G,  Windows 10 , 64 bit Build 19041 (10.0.19041.1566)
Time: Sat Mar 19 19:22:22 2022 Pacific Daylight Time elapsed time: 0 seconds (0d 0h 0m 0s)

---------------  T H R E A D  ---------------

Current thread (0x0000017629a5a000):  JavaThread "Unknown thread" [_thread_in_vm, id=16164, stack(0x0000000cb8d00000,0x0000000cb8e00000)]

Stack: [0x0000000cb8d00000,0x0000000cb8e00000]
Native frames: (J=compiled Java code, j=interpreted, Vv=VM code, C=native code)
V  [jvm.dll+0x5f8a9a]
V  [jvm.dll+0x74247a]
V  [jvm.dll+0x743c2f]
V  [jvm.dll+0x744273]
V  [jvm.dll+0x20d288]
V  [jvm.dll+0x5f5dea]
V  [jvm.dll+0x5eac45]
V  [jvm.dll+0x2c7e9c]
V  [jvm.dll+0x2c7cd2]
V  [jvm.dll+0x2cdbbc]
V  [jvm.dll+0x313fe8]
V  [jvm.dll+0x313710]
V  [jvm.dll+0x2a092a]
V  [jvm.dll+0x2a1a79]
V  [jvm.dll+0x71fd48]
V  [jvm.dll+0x321c14]
V  [jvm.dll+0x70112c]
V  [jvm.dll+0x392def]
V  [jvm.dll+0x394e61]
C  [jli.dll+0x524b]
C  [ucrtbase.dll+0x21bb2]
C  [KERNEL32.DLL+0x17034]
C  [ntdll.dll+0x52651]


---------------  P R O C E S S  ---------------

Threads class SMR info:
_java_thread_list=0x00007fff9a913038, length=0, elements={
}

Java Threads: ( => current thread )

Other Threads:
  0x0000017629ac1000 GCTaskThread "GC Thread#0" [stack: 0x0000000cb8e00000,0x0000000cb8f00000] [id=1592]
  0x0000017629ae3800 ConcurrentGCThread "G1 Main Marker" [stack: 0x0000000cb8f00000,0x0000000cb9000000] [id=18580]
  0x0000017629ae5000 ConcurrentGCThread "G1 Conc#0" [stack: 0x0000000cb9000000,0x0000000cb9100000] [id=20432]

[error occurred during error reporting (printing all threads), id 0xc0000005, EXCEPTION_ACCESS_VIOLATION (0xc0000005) at pc=0x00007fff9a141257]

VM state:not at safepoint (not fully initialized)

VM Mutex/Monitor currently owned by a thread:  ([mutex/lock_event])
[0x0000017629a54c40] Heap_lock - owner thread: 0x0000017629a5a000

Heap address: 0x0000000702e00000, size: 4050 MB, Compressed Oops mode: Zero based, Oop shift amount: 3
Narrow klass base: 0x0000000000000000, Narrow klass shift: 0

GC Heap History (0 events):
No events

Deoptimization events (0 events):
No events

Classes unloaded (0 events):
No events

Classes redefined (0 events):
No events

Internal exceptions (0 events):
No events

Events (2 events):
Event: 0.007 Loaded shared library C:\Program Files\Java\jdk-14.0.2\bin\java.dll
Event: 0.007 Loaded shared library C:\Program Files\Java\jdk-14.0.2\bin\zip.dll


Dynamic libraries:
0x00007ff681300000 - 0x00007ff68130d000 	C:\Program Files\Java\jdk-14.0.2\bin\javaw.exe
0x00007ff80dc70000 - 0x00007ff80de65000 	C:\WINDOWS\SYSTEM32\ntdll.dll
0x00007ff80c6a0000 - 0x00007ff80c75e000 	C:\WINDOWS\System32\KERNEL32.DLL
0x00007ff80b670000 - 0x00007ff80b938000 	C:\WINDOWS\System32\KERNELBASE.dll
0x00007ff80bb30000 - 0x00007ff80bc30000 	C:\WINDOWS\System32\ucrtbase.dll
0x00007fffe9640000 - 0x00007fffe9658000 	C:\Program Files\Java\jdk-14.0.2\bin\jli.dll
0x00007fffe58e0000 - 0x00007fffe58f5000 	C:\Program Files\Java\jdk-14.0.2\bin\VCRUNTIME140.dll
0x00007ff80da90000 - 0x00007ff80dc30000 	C:\WINDOWS\System32\USER32.dll
0x00007ffff0480000 - 0x00007ffff071a000 	C:\WINDOWS\WinSxS\amd64_microsoft.windows.common-controls_6595b64144ccf1df_6.0.19041.1110_none_60b5254171f9507e\COMCTL32.dll
0x00007ff80ba50000 - 0x00007ff80ba72000 	C:\WINDOWS\System32\win32u.dll
0x00007ff80d6c0000 - 0x00007ff80d6eb000 	C:\WINDOWS\System32\GDI32.dll
0x00007ff80cf70000 - 0x00007ff80d00e000 	C:\WINDOWS\System32\msvcrt.dll
0x00007ff80b390000 - 0x00007ff80b49b000 	C:\WINDOWS\System32\gdi32full.dll
0x00007ff80bc30000 - 0x00007ff80bccd000 	C:\WINDOWS\System32\msvcp_win.dll
0x00007ff80c760000 - 0x00007ff80c790000 	C:\WINDOWS\System32\IMM32.DLL
0x00007fffcf8f0000 - 0x00007fffcf98b000 	C:\Program Files\Java\jdk-14.0.2\bin\msvcp140.dll
0x00007fff99e90000 - 0x00007fff9a9ae000 	C:\Program Files\Java\jdk-14.0.2\bin\server\jvm.dll
0x00007ff80d9e0000 - 0x00007ff80da8e000 	C:\WINDOWS\System32\ADVAPI32.dll
0x00007ff80bf00000 - 0x00007ff80bf9c000 	C:\WINDOWS\System32\sechost.dll
0x00007ff80d6f0000 - 0x00007ff80d815000 	C:\WINDOWS\System32\RPCRT4.dll
0x00007ff80d9d0000 - 0x00007ff80d9d8000 	C:\WINDOWS\System32\PSAPI.DLL
0x00007ff801eb0000 - 0x00007ff801eb9000 	C:\WINDOWS\SYSTEM32\WSOCK32.dll
0x00007ff803b40000 - 0x00007ff803b4a000 	C:\WINDOWS\SYSTEM32\VERSION.dll
0x00007fffeef00000 - 0x00007fffeef27000 	C:\WINDOWS\SYSTEM32\WINMM.dll
0x00007ff80d380000 - 0x00007ff80d3eb000 	C:\WINDOWS\System32\WS2_32.dll
0x00007ff809c20000 - 0x00007ff809c32000 	C:\WINDOWS\SYSTEM32\kernel.appcore.dll
0x00007ff800e10000 - 0x00007ff800e1a000 	C:\Program Files\Java\jdk-14.0.2\bin\jimage.dll
0x00007ff809170000 - 0x00007ff809354000 	C:\WINDOWS\SYSTEM32\DBGHELP.DLL
0x00007ff801a20000 - 0x00007ff801a4c000 	C:\WINDOWS\SYSTEM32\dbgcore.DLL
0x00007ff80b970000 - 0x00007ff80b9f2000 	C:\WINDOWS\System32\bcryptPrimitives.dll
0x00007fffffaf0000 - 0x00007fffffb15000 	C:\Program Files\Java\jdk-14.0.2\bin\java.dll
0x00007ffff47d0000 - 0x00007ffff47e6000 	C:\Program Files\Java\jdk-14.0.2\bin\zip.dll

dbghelp: loaded successfully - version: 4.0.5 - missing functions: none
symbol engine: initialized successfully - sym options: 0x614 - pdb path: .;C:\Program Files\Java\jdk-14.0.2\bin;C:\WINDOWS\SYSTEM32;C:\WINDOWS\WinSxS\amd64_microsoft.windows.common-controls_6595b64144ccf1df_6.0.19041.1110_none_60b5254171f9507e;C:\Program Files\Java\jdk-14.0.2\bin\server

VM Arguments:
jvm_args: -Dfile.encoding=Cp1252 -XX:+ShowCodeDetailsInExceptionMessages 
java_command: FallingPortals
java_class_path (initial): C:\Users\adaml\eclipse-workspace\USACO\bin
Launcher Type: SUN_STANDARD

[Global flags]
     intx CICompilerCount                          = 4                                         {product} {ergonomic}
     uint ConcGCThreads                            = 3                                         {product} {ergonomic}
     uint G1ConcRefinementThreads                  = 10                                        {product} {ergonomic}
   size_t G1HeapRegionSize                         = 1048576                                   {product} {ergonomic}
    uintx GCDrainStackTargetSize                   = 64                                        {product} {ergonomic}
   size_t InitialHeapSize                          = 266338304                                 {product} {ergonomic}
   size_t MarkStackSize                            = 4194304                                   {product} {ergonomic}
   size_t MaxHeapSize                              = 4246732800                                {product} {ergonomic}
   size_t MinHeapDeltaBytes                        = 1048576                                   {product} {ergonomic}
   size_t MinHeapSize                              = 8388608                                   {product} {ergonomic}
    uintx NonNMethodCodeHeapSize                   = 5839372                                {pd product} {ergonomic}
    uintx NonProfiledCodeHeapSize                  = 122909434                              {pd product} {ergonomic}
    uintx ProfiledCodeHeapSize                     = 122909434                              {pd product} {ergonomic}
    uintx ReservedCodeCacheSize                    = 251658240                              {pd product} {ergonomic}
     bool SegmentedCodeCache                       = true                                      {product} {ergonomic}
     bool ShowCodeDetailsInExceptionMessages       = true                                   {manageable} {command line}
   size_t SoftMaxHeapSize                          = 4246732800                             {manageable} {ergonomic}
     bool UseCompressedClassPointers               = true                                 {lp64_product} {ergonomic}
     bool UseCompressedOops                        = true                                 {lp64_product} {ergonomic}
     bool UseG1GC                                  = true                                      {product} {ergonomic}
     bool UseLargePagesIndividualAllocation        = false                                  {pd product} {ergonomic}

Logging:
Log output configuration:
 #0: stdout all=warning uptime,level,tags
 #1: stderr all=off uptime,level,tags

Environment Variables:
JAVA_HOME=C:\Program Files\Java\jdk-14.0.2
PATH=C:/Program Files/Java/jdk-14.0.2/bin/server;C:/Program Files/Java/jdk-14.0.2/bin;C:\Program Files\Java\jdk-14.0.2\bin;C:\Users\adaml\AppData\Local\Programs\Python\Python39;C:\Users\adaml\AppData\Local\Programs\Python\Python38-32;C:\Users\adaml\AppData\Local\Programs\Python\Python38-32\Scripts;C:\Windows\system32;C:\Windows;C:\Windows\System32\Wbem;C:\Windows\System32\WindowsPowerShell\v1.0\;C:\Windows\System32\OpenSSH\;C:\Program Files (x86)\NVIDIA Corporation\PhysX\Common;C:\Program Files\NVIDIA Corporation\NVIDIA NvDLISR;D:\command;C:\WINDOWS\system32;C:\WINDOWS;C:\WINDOWS\System32\Wbem;C:\WINDOWS\System32\WindowsPowerShell\v1.0\;C:\WINDOWS\System32\OpenSSH\;C:\Program Files\nodejs\;C:\Program Files\Git\cmd;D:\Ruby30-x64\bin;C:\Program Files\MySQL\MySQL Shell 8.0\bin\;C:\Users\adaml\AppData\Local\Microsoft\WindowsApps;D:\Unity\Microsoft VS Code\bin;C:\Users\adaml\AppData\Local\atom\bin;C:\ProgramData\antihero743\atom\bin;C:\Users\adaml\AppData\Roaming\npm;C:\WINDOWS\System32;
USERNAME=antihero743
OS=Windows_NT
PROCESSOR_IDENTIFIER=Intel64 Family 6 Model 158 Stepping 10, GenuineIntel



---------------  S Y S T E M  ---------------

OS: Windows 10 , 64 bit Build 19041 (10.0.19041.1566)
OS uptime: 1 days 3:53 hours
HyperV virtualization detected

CPU:total 12 (initial active 12) (6 cores per cpu, 2 threads per core) family 6 model 158 stepping 10, cmov, cx8, fxsr, mmx, sse, sse2, sse3, ssse3, sse4.1, sse4.2, popcnt, avx, avx2, aes, clmul, erms, 3dnowpref, lzcnt, ht, tsc, tscinvbit, bmi1, bmi2, adx, fma

Memory: 4k page, system-wide physical 16196M (2451M free)
TotalPageFile size 19128M (AvailPageFile size 25M)
current process WorkingSet (physical memory assigned to process): 10M, peak: 10M
current process commit charge ("private bytes"): 65M, peak: 319M

vm_info: OpenJDK 64-Bit Server VM (14.0.2+12-46) for windows-amd64 JRE (14.0.2+12-46), built on Jul  9 2020 00:31:16 by "mach5one" with MS VC++ 15.9 (VS2017)

END.
